{"/Users/ramirocerar/Desktop/03_NodeJS-Typescript -  REST MOCK/src/number_facts_app.ts": {"path":"/Users/ramirocerar/Desktop/03_NodeJS-Typescript -  REST MOCK/src/number_facts_app.ts","statementMap":{"0":{"start":{"line":1,"column":0},"end":{"line":1,"column":62}},"1":{"start":{"line":3,"column":35},"end":{"line":6,"column":1}},"2":{"start":{"line":4,"column":31},"end":{"line":4,"column":65}},"3":{"start":{"line":5,"column":4},"end":{"line":5,"column":30}},"4":{"start":{"line":3,"column":13},"end":{"line":3,"column":35}}},"fnMap":{"0":{"name":"(anonymous_0)","decl":{"start":{"line":3,"column":35},"end":{"line":3,"column":40}},"loc":{"start":{"line":3,"column":46},"end":{"line":6,"column":1}}}},"branchMap":{},"s":{"0":1,"1":1,"2":1,"3":1,"4":1},"f":{"0":1},"b":{}}
,"/Users/ramirocerar/Desktop/03_NodeJS-Typescript -  REST MOCK/src/controllers/pelis.ts": {"path":"/Users/ramirocerar/Desktop/03_NodeJS-Typescript -  REST MOCK/src/controllers/pelis.ts","statementMap":{"0":{"start":{"line":2,"column":0},"end":{"line":2,"column":120}},"1":{"start":{"line":3,"column":0},"end":{"line":3,"column":52}},"2":{"start":{"line":5,"column":17},"end":{"line":14,"column":1}},"3":{"start":{"line":6,"column":4},"end":{"line":13,"column":null}},"4":{"start":{"line":7,"column":23},"end":{"line":7,"column":29}},"5":{"start":{"line":8,"column":25},"end":{"line":8,"column":48}},"6":{"start":{"line":9,"column":8},"end":{"line":9,"column":27}},"7":{"start":{"line":10,"column":8},"end":{"line":10,"column":30}},"8":{"start":{"line":12,"column":8},"end":{"line":12,"column":43}},"9":{"start":{"line":61,"column":8},"end":{"line":61,"column":16}},"10":{"start":{"line":16,"column":18},"end":{"line":24,"column":1}},"11":{"start":{"line":17,"column":4},"end":{"line":23,"column":null}},"12":{"start":{"line":18,"column":25},"end":{"line":18,"column":47}},"13":{"start":{"line":19,"column":8},"end":{"line":19,"column":27}},"14":{"start":{"line":22,"column":8},"end":{"line":22,"column":44}},"15":{"start":{"line":61,"column":18},"end":{"line":61,"column":27}},"16":{"start":{"line":26,"column":20},"end":{"line":36,"column":1}},"17":{"start":{"line":28,"column":4},"end":{"line":35,"column":null}},"18":{"start":{"line":29,"column":23},"end":{"line":29,"column":29}},"19":{"start":{"line":30,"column":25},"end":{"line":30,"column":57}},"20":{"start":{"line":31,"column":8},"end":{"line":31,"column":27}},"21":{"start":{"line":32,"column":8},"end":{"line":32,"column":30}},"22":{"start":{"line":34,"column":8},"end":{"line":34,"column":null}},"23":{"start":{"line":61,"column":29},"end":{"line":61,"column":40}},"24":{"start":{"line":38,"column":18},"end":{"line":46,"column":1}},"25":{"start":{"line":39,"column":4},"end":{"line":45,"column":null}},"26":{"start":{"line":40,"column":30},"end":{"line":40,"column":59}},"27":{"start":{"line":41,"column":8},"end":{"line":41,"column":32}},"28":{"start":{"line":42,"column":8},"end":{"line":42,"column":40}},"29":{"start":{"line":44,"column":8},"end":{"line":44,"column":44}},"30":{"start":{"line":61,"column":42},"end":{"line":61,"column":51}},"31":{"start":{"line":48,"column":19},"end":{"line":59,"column":1}},"32":{"start":{"line":50,"column":4},"end":{"line":58,"column":null}},"33":{"start":{"line":51,"column":23},"end":{"line":51,"column":29}},"34":{"start":{"line":52,"column":25},"end":{"line":52,"column":51}},"35":{"start":{"line":53,"column":8},"end":{"line":53,"column":27}},"36":{"start":{"line":54,"column":8},"end":{"line":54,"column":30}},"37":{"start":{"line":57,"column":8},"end":{"line":57,"column":null}},"38":{"start":{"line":61,"column":53},"end":{"line":61,"column":64}}},"fnMap":{"0":{"name":"(anonymous_0)","decl":{"start":{"line":5,"column":17},"end":{"line":5,"column":22}},"loc":{"start":{"line":5,"column":60},"end":{"line":14,"column":1}}},"1":{"name":"(anonymous_1)","decl":{"start":{"line":16,"column":18},"end":{"line":16,"column":23}},"loc":{"start":{"line":16,"column":54},"end":{"line":24,"column":1}}},"2":{"name":"(anonymous_2)","decl":{"start":{"line":26,"column":20},"end":{"line":26,"column":25}},"loc":{"start":{"line":26,"column":69},"end":{"line":36,"column":1}}},"3":{"name":"(anonymous_3)","decl":{"start":{"line":38,"column":18},"end":{"line":38,"column":23}},"loc":{"start":{"line":38,"column":59},"end":{"line":46,"column":1}}},"4":{"name":"(anonymous_4)","decl":{"start":{"line":48,"column":19},"end":{"line":48,"column":24}},"loc":{"start":{"line":48,"column":62},"end":{"line":59,"column":1}}}},"branchMap":{},"s":{"0":1,"1":1,"2":1,"3":0,"4":0,"5":0,"6":0,"7":0,"8":0,"9":1,"10":1,"11":0,"12":0,"13":0,"14":0,"15":1,"16":1,"17":0,"18":0,"19":0,"20":0,"21":0,"22":0,"23":1,"24":1,"25":0,"26":0,"27":0,"28":0,"29":0,"30":1,"31":1,"32":0,"33":0,"34":0,"35":0,"36":0,"37":0,"38":1},"f":{"0":0,"1":0,"2":0,"3":0,"4":0},"b":{}}
,"/Users/ramirocerar/Desktop/03_NodeJS-Typescript -  REST MOCK/src/models/pelis.ts": {"path":"/Users/ramirocerar/Desktop/03_NodeJS-Typescript -  REST MOCK/src/models/pelis.ts","statementMap":{"0":{"start":{"line":2,"column":0},"end":{"line":2,"column":55}},"1":{"start":{"line":6,"column":20},"end":{"line":32,"column":6}},"2":{"start":{"line":34,"column":23},"end":{"line":34,"column":50}},"3":{"start":{"line":35,"column":4},"end":{"line":35,"column":null}}},"fnMap":{},"branchMap":{},"s":{"0":1,"1":1,"2":1,"3":1},"f":{},"b":{}}
,"/Users/ramirocerar/Desktop/03_NodeJS-Typescript -  REST MOCK/src/services/numbers.ts": {"path":"/Users/ramirocerar/Desktop/03_NodeJS-Typescript -  REST MOCK/src/services/numbers.ts","statementMap":{"0":{"start":{"line":3,"column":42},"end":{"line":13,"column":1}},"1":{"start":{"line":4,"column":4},"end":{"line":12,"column":null}},"2":{"start":{"line":5,"column":25},"end":{"line":7,"column":10}},"3":{"start":{"line":8,"column":21},"end":{"line":8,"column":42}},"4":{"start":{"line":9,"column":8},"end":{"line":9,"column":null}},"5":{"start":{"line":11,"column":8},"end":{"line":11,"column":17}},"6":{"start":{"line":3,"column":13},"end":{"line":3,"column":42}}},"fnMap":{"0":{"name":"(anonymous_0)","decl":{"start":{"line":3,"column":42},"end":{"line":3,"column":47}},"loc":{"start":{"line":3,"column":53},"end":{"line":13,"column":1}}}},"branchMap":{},"s":{"0":1,"1":0,"2":0,"3":0,"4":0,"5":0,"6":1},"f":{"0":0},"b":{}}
,"/Users/ramirocerar/Desktop/03_NodeJS-Typescript -  REST MOCK/src/services/pelis.ts": {"path":"/Users/ramirocerar/Desktop/03_NodeJS-Typescript -  REST MOCK/src/services/pelis.ts","statementMap":{"0":{"start":{"line":2,"column":0},"end":{"line":2,"column":41}},"1":{"start":{"line":4,"column":26},"end":{"line":9,"column":1}},"2":{"start":{"line":6,"column":28},"end":{"line":6,"column":57}},"3":{"start":{"line":8,"column":4},"end":{"line":8,"column":27}},"4":{"start":{"line":38,"column":25},"end":{"line":38,"column":42}},"5":{"start":{"line":11,"column":23},"end":{"line":14,"column":1}},"6":{"start":{"line":12,"column":27},"end":{"line":12,"column":52}},"7":{"start":{"line":13,"column":4},"end":{"line":13,"column":26}},"8":{"start":{"line":38,"column":9},"end":{"line":38,"column":23}},"9":{"start":{"line":16,"column":22},"end":{"line":21,"column":1}},"10":{"start":{"line":17,"column":26},"end":{"line":17,"column":59}},"11":{"start":{"line":18,"column":4},"end":{"line":18,"column":28}},"12":{"start":{"line":20,"column":4},"end":{"line":20,"column":25}},"13":{"start":{"line":38,"column":44},"end":{"line":38,"column":57}},"14":{"start":{"line":23,"column":25},"end":{"line":28,"column":1}},"15":{"start":{"line":24,"column":24},"end":{"line":24,"column":85}},"16":{"start":{"line":25,"column":4},"end":{"line":25,"column":33}},"17":{"start":{"line":27,"column":4},"end":{"line":27,"column":23}},"18":{"start":{"line":38,"column":59},"end":{"line":38,"column":75}},"19":{"start":{"line":30,"column":25},"end":{"line":35,"column":1}},"20":{"start":{"line":31,"column":26},"end":{"line":31,"column":69}},"21":{"start":{"line":32,"column":4},"end":{"line":32,"column":28}},"22":{"start":{"line":34,"column":4},"end":{"line":34,"column":25}},"23":{"start":{"line":38,"column":77},"end":{"line":38,"column":93}}},"fnMap":{"0":{"name":"(anonymous_1)","decl":{"start":{"line":4,"column":26},"end":{"line":4,"column":31}},"loc":{"start":{"line":4,"column":47},"end":{"line":9,"column":1}}},"1":{"name":"(anonymous_2)","decl":{"start":{"line":11,"column":23},"end":{"line":11,"column":28}},"loc":{"start":{"line":11,"column":34},"end":{"line":14,"column":1}}},"2":{"name":"(anonymous_3)","decl":{"start":{"line":16,"column":22},"end":{"line":16,"column":27}},"loc":{"start":{"line":16,"column":42},"end":{"line":21,"column":1}}},"3":{"name":"(anonymous_4)","decl":{"start":{"line":23,"column":25},"end":{"line":23,"column":30}},"loc":{"start":{"line":23,"column":56},"end":{"line":28,"column":1}}},"4":{"name":"(anonymous_5)","decl":{"start":{"line":30,"column":25},"end":{"line":30,"column":30}},"loc":{"start":{"line":30,"column":45},"end":{"line":35,"column":1}}}},"branchMap":{},"s":{"0":1,"1":1,"2":0,"3":0,"4":1,"5":1,"6":0,"7":0,"8":1,"9":1,"10":0,"11":0,"12":0,"13":1,"14":1,"15":0,"16":0,"17":0,"18":1,"19":1,"20":0,"21":0,"22":0,"23":1},"f":{"0":0,"1":0,"2":0,"3":0,"4":0},"b":{}}
,"/Users/ramirocerar/Desktop/03_NodeJS-Typescript -  REST MOCK/src/utils/error.handles.ts": {"path":"/Users/ramirocerar/Desktop/03_NodeJS-Typescript -  REST MOCK/src/utils/error.handles.ts","statementMap":{"0":{"start":{"line":3,"column":20},"end":{"line":6,"column":1}},"1":{"start":{"line":4,"column":4},"end":{"line":4,"column":20}},"2":{"start":{"line":5,"column":4},"end":{"line":5,"column":24}},"3":{"start":{"line":8,"column":9},"end":{"line":8,"column":20}}},"fnMap":{"0":{"name":"(anonymous_0)","decl":{"start":{"line":3,"column":20},"end":{"line":3,"column":21}},"loc":{"start":{"line":3,"column":51},"end":{"line":6,"column":1}}}},"branchMap":{},"s":{"0":1,"1":0,"2":0,"3":1},"f":{"0":0},"b":{}}
}
