TN:
SF:src/number_facts_app.ts
FN:3,(anonymous_0)
FNF:1
FNH:1
FNDA:1,(anonymous_0)
DA:1,1
DA:3,1
DA:4,1
DA:5,1
LF:4
LH:4
BRF:0
BRH:0
end_of_record
TN:
SF:src/controllers/pelis.ts
FN:5,(anonymous_0)
FN:16,(anonymous_1)
FN:26,(anonymous_2)
FN:38,(anonymous_3)
FN:48,(anonymous_4)
FNF:5
FNH:0
FNDA:0,(anonymous_0)
FNDA:0,(anonymous_1)
FNDA:0,(anonymous_2)
FNDA:0,(anonymous_3)
FNDA:0,(anonymous_4)
DA:2,1
DA:3,1
DA:5,1
DA:6,0
DA:7,0
DA:8,0
DA:9,0
DA:10,0
DA:12,0
DA:16,1
DA:17,0
DA:18,0
DA:19,0
DA:22,0
DA:26,1
DA:28,0
DA:29,0
DA:30,0
DA:31,0
DA:32,0
DA:34,0
DA:38,1
DA:39,0
DA:40,0
DA:41,0
DA:42,0
DA:44,0
DA:48,1
DA:50,0
DA:51,0
DA:52,0
DA:53,0
DA:54,0
DA:57,0
DA:61,1
LF:35
LH:8
BRF:0
BRH:0
end_of_record
TN:
SF:src/models/pelis.ts
FNF:0
FNH:0
DA:2,1
DA:6,1
DA:34,1
DA:35,1
LF:4
LH:4
BRF:0
BRH:0
end_of_record
TN:
SF:src/services/numbers.ts
FN:3,(anonymous_0)
FNF:1
FNH:0
FNDA:0,(anonymous_0)
DA:3,1
DA:4,0
DA:5,0
DA:8,0
DA:9,0
DA:11,0
LF:6
LH:1
BRF:0
BRH:0
end_of_record
TN:
SF:src/services/pelis.ts
FN:4,(anonymous_1)
FN:11,(anonymous_2)
FN:16,(anonymous_3)
FN:23,(anonymous_4)
FN:30,(anonymous_5)
FNF:5
FNH:0
FNDA:0,(anonymous_1)
FNDA:0,(anonymous_2)
FNDA:0,(anonymous_3)
FNDA:0,(anonymous_4)
FNDA:0,(anonymous_5)
DA:2,1
DA:4,1
DA:6,0
DA:8,0
DA:11,1
DA:12,0
DA:13,0
DA:16,1
DA:17,0
DA:18,0
DA:20,0
DA:23,1
DA:24,0
DA:25,0
DA:27,0
DA:30,1
DA:31,0
DA:32,0
DA:34,0
DA:38,1
LF:20
LH:7
BRF:0
BRH:0
end_of_record
TN:
SF:src/utils/error.handles.ts
FN:3,(anonymous_0)
FNF:1
FNH:0
FNDA:0,(anonymous_0)
DA:3,1
DA:4,0
DA:5,0
DA:8,1
LF:4
LH:2
BRF:0
BRH:0
end_of_record
